Using pre-set license
Built from '2020.3/release' branch; Version is '2020.3.15f2 (6cf78cb77498) revision 7141260'; Using compiler version '192528614'; Build Type 'Release'
OS: 'Windows 10 Home; OS build 19042.1165; Version 2009; 64bit' Language: 'en' Physical Memory: 16300 MB
BatchMode: 1, IsHumanControllingUs: 0, StartBugReporterOnCrash: 0, Is64bit: 1, IsPro: 0

 COMMAND LINE ARGUMENTS:
D:\Unity Editor\2020.3.15f2\Editor\Unity.exe
-adb2
-batchMode
-noUpm
-name
AssetImportWorker0
-projectPath
D:/NHTI - AGGP 225/AGGP 225
-logFile
Logs/AssetImportWorker0.log
-srvPort
58894
Successfully changed project path to: D:/NHTI - AGGP 225/AGGP 225
D:/NHTI - AGGP 225/AGGP 225
Using Asset Import Pipeline V2.
Refreshing native plugins compatible for Editor in 35.37 ms, found 2 plugins.
Preloading 0 native plugins for Editor in 0.00 ms.
Initialize engine version: 2020.3.15f2 (6cf78cb77498)
[Subsystems] Discovering subsystems at path D:/Unity Editor/2020.3.15f2/Editor/Data/Resources/UnitySubsystems
[Subsystems] Discovering subsystems at path D:/NHTI - AGGP 225/AGGP 225/Assets
GfxDevice: creating device client; threaded=0
Direct3D:
    Version:  Direct3D 11.0 [level 11.1]
    Renderer: NVIDIA GeForce GTX 1060 3GB (ID=0x1c02)
    Vendor:   
    VRAM:     2988 MB
    Driver:   27.21.14.5671
Initialize mono
Mono path[0] = 'D:/Unity Editor/2020.3.15f2/Editor/Data/Managed'
Mono path[1] = 'D:/Unity Editor/2020.3.15f2/Editor/Data/MonoBleedingEdge/lib/mono/unityjit'
Mono config path = 'D:/Unity Editor/2020.3.15f2/Editor/Data/MonoBleedingEdge/etc'
Using monoOptions --debugger-agent=transport=dt_socket,embedding=1,server=y,suspend=n,address=127.0.0.1:56912
Begin MonoManager ReloadAssembly
Registering precompiled unity dll's ...
Register platform support module: D:/Unity Editor/2020.3.15f2/Editor/Data/PlaybackEngines/WindowsStandaloneSupport/UnityEditor.WindowsStandalone.Extensions.dll
Registered in 0.001178 seconds.
Native extension for WindowsStandalone target not found
Refreshing native plugins compatible for Editor in 33.71 ms, found 2 plugins.
Preloading 0 native plugins for Editor in 0.00 ms.
Mono: successfully reloaded assembly
- Completed reload, in  0.913 seconds
Domain Reload Profiling:
	ReloadAssembly (913ms)
		BeginReloadAssembly (55ms)
			ExecutionOrderSort (0ms)
			DisableScriptedObjects (0ms)
			BackupInstance (0ms)
			ReleaseScriptingObjects (0ms)
			CreateAndSetChildDomain (1ms)
		EndReloadAssembly (426ms)
			LoadAssemblies (54ms)
			RebuildTransferFunctionScriptingTraits (0ms)
			SetupTypeCache (154ms)
			ReleaseScriptCaches (0ms)
			RebuildScriptCaches (33ms)
			SetupLoadedEditorAssemblies (168ms)
				LogAssemblyErrors (0ms)
				InitializePlatformSupportModulesInManaged (4ms)
				SetLoadedEditorAssemblies (0ms)
				RefreshPlugins (34ms)
				BeforeProcessingInitializeOnLoad (14ms)
				ProcessInitializeOnLoadAttributes (85ms)
				ProcessInitializeOnLoadMethodAttributes (30ms)
				AfterProcessingInitializeOnLoad (0ms)
				EditorAssembliesLoaded (0ms)
			ExecutionOrderSort2 (0ms)
			AwakeInstancesAfterBackupRestoration (0ms)
Platform modules already initialized, skipping
Registering precompiled user dll's ...
Registered in 0.004120 seconds.
Begin MonoManager ReloadAssembly
Native extension for WindowsStandalone target not found
Refreshing native plugins compatible for Editor in 0.41 ms, found 2 plugins.
Preloading 0 native plugins for Editor in 0.00 ms.
Mono: successfully reloaded assembly
- Completed reload, in  1.131 seconds
Domain Reload Profiling:
	ReloadAssembly (1132ms)
		BeginReloadAssembly (140ms)
			ExecutionOrderSort (0ms)
			DisableScriptedObjects (5ms)
			BackupInstance (0ms)
			ReleaseScriptingObjects (0ms)
			CreateAndSetChildDomain (19ms)
		EndReloadAssembly (935ms)
			LoadAssemblies (84ms)
			RebuildTransferFunctionScriptingTraits (0ms)
			SetupTypeCache (282ms)
			ReleaseScriptCaches (0ms)
			RebuildScriptCaches (52ms)
			SetupLoadedEditorAssemblies (418ms)
				LogAssemblyErrors (0ms)
				InitializePlatformSupportModulesInManaged (5ms)
				SetLoadedEditorAssemblies (0ms)
				RefreshPlugins (0ms)
				BeforeProcessingInitializeOnLoad (87ms)
				ProcessInitializeOnLoadAttributes (315ms)
				ProcessInitializeOnLoadMethodAttributes (7ms)
				AfterProcessingInitializeOnLoad (3ms)
				EditorAssembliesLoaded (0ms)
			ExecutionOrderSort2 (0ms)
			AwakeInstancesAfterBackupRestoration (7ms)
Platform modules already initialized, skipping
========================================================================
Worker process is ready to serve import requests
Launched and connected shader compiler UnityShaderCompiler.exe after 0.07 seconds
Refreshing native plugins compatible for Editor in 0.69 ms, found 2 plugins.
Preloading 0 native plugins for Editor in 0.00 ms.
Unloading 1624 Unused Serialized files (Serialized files now loaded: 0)
System memory in use before: 75.0 MB.
System memory in use after: 75.0 MB.

Unloading 25 unused Assets to reduce memory usage. Loaded Objects now: 2053.
Total: 2.849400 ms (FindLiveObjects: 0.241300 ms CreateObjectMapping: 0.072800 ms MarkObjects: 2.445300 ms  DeleteObjects: 0.089000 ms)

AssetImportParameters requested are different than current active one (requested -> active):
  custom:framework-win-MediaFoundation: 216162199b28c13a410421893ffa2e32 -> 
  custom:video-decoder-ogg-theora: a1e56fd34408186e4bbccfd4996cb3dc -> 
  custom:container-muxer-webm: aa71ff27fc2769a1b78a27578f13a17b -> 
  custom:container-demuxer-webm: 4f35f7cbe854078d1ac9338744f61a02 -> 
  custom:container-demuxer-ogg: 62fdf1f143b41e24485cea50d1cbac27 -> 
  custom:video-encoder-webm-vp8: eb34c28f22e8b96e1ab97ce403110664 -> 
  custom:video-decoder-webm-vp8: 9c59270c3fd7afecdb556c50c9e8de78 -> 
  custom:audio-decoder-ogg-vorbis: bf7c407c2cedff20999df2af8eb42d56 -> 
  custom:audio-encoder-webm-vorbis: bf7c407c2cedff20999df2af8eb42d56 -> 
========================================================================
Received Import Request.
  path: Assets/Scenes/Lab 01/Gameplay.unity
  artifactKey: Guid(cd90157769723fc4ca595d49221fb5f5) Importer(815301076,1909f56bfc062723c751e8b465ee728b)
Start importing Assets/Scenes/Lab 01/Gameplay.unity using Guid(cd90157769723fc4ca595d49221fb5f5) Importer(815301076,1909f56bfc062723c751e8b465ee728b)  -> (artifact id: '856811791d82bd93652bf0a78b06beb7') in 0.019598 seconds 
  Import took 0.023222 seconds .

========================================================================
Received Import Request.
  Time since last request: 642.737630 seconds.
  path: Assets/Scenes/Lab 02/Gameplay.unity
  artifactKey: Guid(dcbfd446d81e64843955c0cea52925df) Importer(815301076,1909f56bfc062723c751e8b465ee728b)
Start importing Assets/Scenes/Lab 02/Gameplay.unity using Guid(dcbfd446d81e64843955c0cea52925df) Importer(815301076,1909f56bfc062723c751e8b465ee728b)  -> (artifact id: '3aca15bde337b23ea40cec0d92ca104d') in 0.004127 seconds 
  Import took 0.007329 seconds .

========================================================================
Received Import Request.
  Time since last request: 21.206554 seconds.
  path: Assets/Scenes/Lab 02/Main Menu.unity
  artifactKey: Guid(abfea7b185e34b244b0a8e63accef3be) Importer(815301076,1909f56bfc062723c751e8b465ee728b)
Start importing Assets/Scenes/Lab 02/Main Menu.unity using Guid(abfea7b185e34b244b0a8e63accef3be) Importer(815301076,1909f56bfc062723c751e8b465ee728b)  -> (artifact id: 'e77f17e8734e39755e19fe9e41021641') in 0.006810 seconds 
  Import took 0.015403 seconds .

========================================================================
Received Import Request.
  Time since last request: 90.541217 seconds.
  path: Assets/Scripts/Lab 01
  artifactKey: Guid(ae192fb89fda8124b80f23b267bfdbf0) Importer(815301076,1909f56bfc062723c751e8b465ee728b)
Start importing Assets/Scripts/Lab 01 using Guid(ae192fb89fda8124b80f23b267bfdbf0) Importer(815301076,1909f56bfc062723c751e8b465ee728b)  -> (artifact id: 'e8eb2fbd75578deb24b5a02948439fbd') in 0.006467 seconds 
  Import took 0.009373 seconds .

========================================================================
Received Prepare
Registering precompiled user dll's ...
Registered in 0.004173 seconds.
Begin MonoManager ReloadAssembly
Native extension for WindowsStandalone target not found
Refreshing native plugins compatible for Editor in 0.40 ms, found 2 plugins.
Preloading 0 native plugins for Editor in 0.00 ms.
Mono: successfully reloaded assembly
- Completed reload, in  1.251 seconds
Domain Reload Profiling:
	ReloadAssembly (1252ms)
		BeginReloadAssembly (120ms)
			ExecutionOrderSort (0ms)
			DisableScriptedObjects (5ms)
			BackupInstance (0ms)
			ReleaseScriptingObjects (0ms)
			CreateAndSetChildDomain (40ms)
		EndReloadAssembly (1070ms)
			LoadAssemblies (92ms)
			RebuildTransferFunctionScriptingTraits (0ms)
			SetupTypeCache (400ms)
			ReleaseScriptCaches (1ms)
			RebuildScriptCaches (51ms)
			SetupLoadedEditorAssemblies (415ms)
				LogAssemblyErrors (0ms)
				InitializePlatformSupportModulesInManaged (5ms)
				SetLoadedEditorAssemblies (0ms)
				RefreshPlugins (0ms)
				BeforeProcessingInitializeOnLoad (90ms)
				ProcessInitializeOnLoadAttributes (309ms)
				ProcessInitializeOnLoadMethodAttributes (7ms)
				AfterProcessingInitializeOnLoad (3ms)
				EditorAssembliesLoaded (0ms)
			ExecutionOrderSort2 (0ms)
			AwakeInstancesAfterBackupRestoration (7ms)
Platform modules already initialized, skipping
Refreshing native plugins compatible for Editor in 0.41 ms, found 2 plugins.
Preloading 0 native plugins for Editor in 0.00 ms.
Unloading 1605 Unused Serialized files (Serialized files now loaded: 0)
System memory in use before: 73.6 MB.
System memory in use after: 73.7 MB.

Unloading 19 unused Assets to reduce memory usage. Loaded Objects now: 2057.
Total: 2.264800 ms (FindLiveObjects: 0.165500 ms CreateObjectMapping: 0.056500 ms MarkObjects: 1.986300 ms  DeleteObjects: 0.055400 ms)

AssetImportParameters requested are different than current active one (requested -> active):
  custom:framework-win-MediaFoundation: 216162199b28c13a410421893ffa2e32 -> 
  custom:video-decoder-ogg-theora: a1e56fd34408186e4bbccfd4996cb3dc -> 
  custom:container-muxer-webm: aa71ff27fc2769a1b78a27578f13a17b -> 
  custom:container-demuxer-webm: 4f35f7cbe854078d1ac9338744f61a02 -> 
  custom:container-demuxer-ogg: 62fdf1f143b41e24485cea50d1cbac27 -> 
  custom:video-encoder-webm-vp8: eb34c28f22e8b96e1ab97ce403110664 -> 
  custom:video-decoder-webm-vp8: 9c59270c3fd7afecdb556c50c9e8de78 -> 
  custom:audio-decoder-ogg-vorbis: bf7c407c2cedff20999df2af8eb42d56 -> 
  custom:audio-encoder-webm-vorbis: bf7c407c2cedff20999df2af8eb42d56 -> 
========================================================================
Received Import Request.
  Time since last request: 14.667622 seconds.
  path: Assets/Scripts/Lab 01/GameplayManager.cs
  artifactKey: Guid(1dd818f78d10bf84a91706bafe269e25) Importer(815301076,1909f56bfc062723c751e8b465ee728b)
Start importing Assets/Scripts/Lab 01/GameplayManager.cs using Guid(1dd818f78d10bf84a91706bafe269e25) Importer(815301076,1909f56bfc062723c751e8b465ee728b)  -> (artifact id: 'afbcdacd9367be19fd1c34f7b41b0930') in 0.035975 seconds 
  Import took 0.038481 seconds .

========================================================================
Received Import Request.
  Time since last request: 8.495683 seconds.
  path: Assets/Scripts/Lab 02
  artifactKey: Guid(e2ba8214dda0d7e45a3663f15740b694) Importer(815301076,1909f56bfc062723c751e8b465ee728b)
Start importing Assets/Scripts/Lab 02 using Guid(e2ba8214dda0d7e45a3663f15740b694) Importer(815301076,1909f56bfc062723c751e8b465ee728b)  -> (artifact id: 'd67c689d09f90fb1984f5b667bfec0ff') in 0.006870 seconds 
  Import took 0.010104 seconds .

========================================================================
Received Import Request.
  Time since last request: 9.298157 seconds.
  path: Assets/Scripts/Lab 01/MainMenuManager.cs
  artifactKey: Guid(458a3d96d24f3274295276398b0b2b4a) Importer(815301076,1909f56bfc062723c751e8b465ee728b)
Start importing Assets/Scripts/Lab 01/MainMenuManager.cs using Guid(458a3d96d24f3274295276398b0b2b4a) Importer(815301076,1909f56bfc062723c751e8b465ee728b)  -> (artifact id: '7208f93daa686a39fce35da0c21e0af1') in 0.008446 seconds 
  Import took 0.011149 seconds .

========================================================================
Received Import Request.
  Time since last request: 0.021718 seconds.
  path: Assets/Scripts/Lab 01/MainMenuManager.cs
  artifactKey: Guid(458a3d96d24f3274295276398b0b2b4a) Importer(815301076,1909f56bfc062723c751e8b465ee728b)
Start importing Assets/Scripts/Lab 01/MainMenuManager.cs using Guid(458a3d96d24f3274295276398b0b2b4a) Importer(815301076,1909f56bfc062723c751e8b465ee728b)  -> (artifact id: '7208f93daa686a39fce35da0c21e0af1') in 0.002217 seconds 
  Import took 0.005474 seconds .

========================================================================
Received Import Request.
  Time since last request: 21.259438 seconds.
  path: Assets/Scripts/Lab 02/MainMenuManager.cs
  artifactKey: Guid(96d77cdcf38377c4db282b96e1e76694) Importer(815301076,1909f56bfc062723c751e8b465ee728b)
Start importing Assets/Scripts/Lab 02/MainMenuManager.cs using Guid(96d77cdcf38377c4db282b96e1e76694) Importer(815301076,1909f56bfc062723c751e8b465ee728b)  -> (artifact id: '54a3f09dd1c33d8a2653ac83e77eb249') in 0.002001 seconds 
  Import took 0.004685 seconds .

========================================================================
Received Import Request.
  Time since last request: 0.001526 seconds.
  path: Assets/Scripts/Lab 02/MainMenuManager.cs
  artifactKey: Guid(96d77cdcf38377c4db282b96e1e76694) Importer(815301076,1909f56bfc062723c751e8b465ee728b)
Start importing Assets/Scripts/Lab 02/MainMenuManager.cs using Guid(96d77cdcf38377c4db282b96e1e76694) Importer(815301076,1909f56bfc062723c751e8b465ee728b)  -> (artifact id: '54a3f09dd1c33d8a2653ac83e77eb249') in 0.002195 seconds 
  Import took 0.005479 seconds .

========================================================================
Received Import Request.
  Time since last request: 5.329951 seconds.
  path: Assets/Scripts/Lab 02/MainMenuManager02.cs
  artifactKey: Guid(96d77cdcf38377c4db282b96e1e76694) Importer(815301076,1909f56bfc062723c751e8b465ee728b)
Start importing Assets/Scripts/Lab 02/MainMenuManager02.cs using Guid(96d77cdcf38377c4db282b96e1e76694) Importer(815301076,1909f56bfc062723c751e8b465ee728b)  -> (artifact id: 'd1db4b77dc5f2736aa4a3480eb532882') in 0.007288 seconds 
  Import took 0.010608 seconds .

========================================================================
Received Prepare
Registering precompiled user dll's ...
Registered in 0.005029 seconds.
Begin MonoManager ReloadAssembly
Native extension for WindowsStandalone target not found
Refreshing native plugins compatible for Editor in 0.42 ms, found 2 plugins.
Preloading 0 native plugins for Editor in 0.00 ms.
Mono: successfully reloaded assembly
- Completed reload, in  1.075 seconds
Domain Reload Profiling:
	ReloadAssembly (1075ms)
		BeginReloadAssembly (117ms)
			ExecutionOrderSort (0ms)
			DisableScriptedObjects (4ms)
			BackupInstance (0ms)
			ReleaseScriptingObjects (0ms)
			CreateAndSetChildDomain (33ms)
		EndReloadAssembly (898ms)
			LoadAssemblies (89ms)
			RebuildTransferFunctionScriptingTraits (0ms)
			SetupTypeCache (291ms)
			ReleaseScriptCaches (1ms)
			RebuildScriptCaches (40ms)
			SetupLoadedEditorAssemblies (383ms)
				LogAssemblyErrors (0ms)
				InitializePlatformSupportModulesInManaged (5ms)
				SetLoadedEditorAssemblies (0ms)
				RefreshPlugins (0ms)
				BeforeProcessingInitializeOnLoad (88ms)
				ProcessInitializeOnLoadAttributes (281ms)
				ProcessInitializeOnLoadMethodAttributes (6ms)
				AfterProcessingInitializeOnLoad (2ms)
				EditorAssembliesLoaded (0ms)
			ExecutionOrderSort2 (0ms)
			AwakeInstancesAfterBackupRestoration (6ms)
Platform modules already initialized, skipping
Refreshing native plugins compatible for Editor in 0.45 ms, found 2 plugins.
Preloading 0 native plugins for Editor in 0.00 ms.
Unloading 1606 Unused Serialized files (Serialized files now loaded: 0)
System memory in use before: 73.6 MB.
System memory in use after: 73.7 MB.

Unloading 19 unused Assets to reduce memory usage. Loaded Objects now: 2062.
Total: 2.121700 ms (FindLiveObjects: 0.160200 ms CreateObjectMapping: 0.054000 ms MarkObjects: 1.852100 ms  DeleteObjects: 0.054500 ms)

AssetImportParameters requested are different than current active one (requested -> active):
  custom:framework-win-MediaFoundation: 216162199b28c13a410421893ffa2e32 -> 
  custom:video-decoder-ogg-theora: a1e56fd34408186e4bbccfd4996cb3dc -> 
  custom:container-muxer-webm: aa71ff27fc2769a1b78a27578f13a17b -> 
  custom:container-demuxer-webm: 4f35f7cbe854078d1ac9338744f61a02 -> 
  custom:container-demuxer-ogg: 62fdf1f143b41e24485cea50d1cbac27 -> 
  custom:video-encoder-webm-vp8: eb34c28f22e8b96e1ab97ce403110664 -> 
  custom:video-decoder-webm-vp8: 9c59270c3fd7afecdb556c50c9e8de78 -> 
  custom:audio-decoder-ogg-vorbis: bf7c407c2cedff20999df2af8eb42d56 -> 
  custom:audio-encoder-webm-vorbis: bf7c407c2cedff20999df2af8eb42d56 -> 
========================================================================
Received Prepare
Registering precompiled user dll's ...
Registered in 0.004827 seconds.
Begin MonoManager ReloadAssembly
Native extension for WindowsStandalone target not found
Refreshing native plugins compatible for Editor in 0.41 ms, found 2 plugins.
Preloading 0 native plugins for Editor in 0.00 ms.
Mono: successfully reloaded assembly
- Completed reload, in  1.047 seconds
Domain Reload Profiling:
	ReloadAssembly (1048ms)
		BeginReloadAssembly (107ms)
			ExecutionOrderSort (0ms)
			DisableScriptedObjects (5ms)
			BackupInstance (0ms)
			ReleaseScriptingObjects (0ms)
			CreateAndSetChildDomain (36ms)
		EndReloadAssembly (881ms)
			LoadAssemblies (91ms)
			RebuildTransferFunctionScriptingTraits (0ms)
			SetupTypeCache (279ms)
			ReleaseScriptCaches (1ms)
			RebuildScriptCaches (43ms)
			SetupLoadedEditorAssemblies (366ms)
				LogAssemblyErrors (0ms)
				InitializePlatformSupportModulesInManaged (5ms)
				SetLoadedEditorAssemblies (0ms)
				RefreshPlugins (0ms)
				BeforeProcessingInitializeOnLoad (78ms)
				ProcessInitializeOnLoadAttributes (274ms)
				ProcessInitializeOnLoadMethodAttributes (6ms)
				AfterProcessingInitializeOnLoad (2ms)
				EditorAssembliesLoaded (0ms)
			ExecutionOrderSort2 (0ms)
			AwakeInstancesAfterBackupRestoration (7ms)
Platform modules already initialized, skipping
Refreshing native plugins compatible for Editor in 0.39 ms, found 2 plugins.
Preloading 0 native plugins for Editor in 0.00 ms.
Unloading 1606 Unused Serialized files (Serialized files now loaded: 0)
System memory in use before: 73.6 MB.
System memory in use after: 73.7 MB.

Unloading 19 unused Assets to reduce memory usage. Loaded Objects now: 2066.
Total: 2.457900 ms (FindLiveObjects: 0.144700 ms CreateObjectMapping: 0.051000 ms MarkObjects: 2.212800 ms  DeleteObjects: 0.048600 ms)

AssetImportParameters requested are different than current active one (requested -> active):
  custom:framework-win-MediaFoundation: 216162199b28c13a410421893ffa2e32 -> 
  custom:video-decoder-ogg-theora: a1e56fd34408186e4bbccfd4996cb3dc -> 
  custom:container-muxer-webm: aa71ff27fc2769a1b78a27578f13a17b -> 
  custom:container-demuxer-webm: 4f35f7cbe854078d1ac9338744f61a02 -> 
  custom:container-demuxer-ogg: 62fdf1f143b41e24485cea50d1cbac27 -> 
  custom:video-encoder-webm-vp8: eb34c28f22e8b96e1ab97ce403110664 -> 
  custom:video-decoder-webm-vp8: 9c59270c3fd7afecdb556c50c9e8de78 -> 
  custom:audio-decoder-ogg-vorbis: bf7c407c2cedff20999df2af8eb42d56 -> 
  custom:audio-encoder-webm-vorbis: bf7c407c2cedff20999df2af8eb42d56 -> 
========================================================================
Received Import Request.
  Time since last request: 108.415365 seconds.
  path: Assets/Scripts/Lab 02/PhotonManager02.cs
  artifactKey: Guid(48637290a23ada74b9598c66c8874992) Importer(815301076,1909f56bfc062723c751e8b465ee728b)
Start importing Assets/Scripts/Lab 02/PhotonManager02.cs using Guid(48637290a23ada74b9598c66c8874992) Importer(815301076,1909f56bfc062723c751e8b465ee728b)  -> (artifact id: 'f8808de2254459810269611da313cb84') in 0.011819 seconds 
  Import took 0.015263 seconds .

========================================================================
Received Prepare
Registering precompiled user dll's ...
Registered in 0.004155 seconds.
Begin MonoManager ReloadAssembly
Native extension for WindowsStandalone target not found
Refreshing native plugins compatible for Editor in 0.41 ms, found 2 plugins.
Preloading 0 native plugins for Editor in 0.00 ms.
Mono: successfully reloaded assembly
- Completed reload, in  1.104 seconds
Domain Reload Profiling:
	ReloadAssembly (1104ms)
		BeginReloadAssembly (107ms)
			ExecutionOrderSort (0ms)
			DisableScriptedObjects (5ms)
			BackupInstance (0ms)
			ReleaseScriptingObjects (0ms)
			CreateAndSetChildDomain (35ms)
		EndReloadAssembly (938ms)
			LoadAssemblies (89ms)
			RebuildTransferFunctionScriptingTraits (0ms)
			SetupTypeCache (296ms)
			ReleaseScriptCaches (1ms)
			RebuildScriptCaches (42ms)
			SetupLoadedEditorAssemblies (409ms)
				LogAssemblyErrors (0ms)
				InitializePlatformSupportModulesInManaged (5ms)
				SetLoadedEditorAssemblies (0ms)
				RefreshPlugins (0ms)
				BeforeProcessingInitializeOnLoad (92ms)
				ProcessInitializeOnLoadAttributes (302ms)
				ProcessInitializeOnLoadMethodAttributes (6ms)
				AfterProcessingInitializeOnLoad (3ms)
				EditorAssembliesLoaded (0ms)
			ExecutionOrderSort2 (0ms)
			AwakeInstancesAfterBackupRestoration (7ms)
Platform modules already initialized, skipping
Refreshing native plugins compatible for Editor in 0.49 ms, found 2 plugins.
Preloading 0 native plugins for Editor in 0.00 ms.
Unloading 1607 Unused Serialized files (Serialized files now loaded: 0)
System memory in use before: 73.6 MB.
System memory in use after: 73.7 MB.

Unloading 19 unused Assets to reduce memory usage. Loaded Objects now: 2071.
Total: 2.292600 ms (FindLiveObjects: 0.155000 ms CreateObjectMapping: 0.050300 ms MarkObjects: 1.992500 ms  DeleteObjects: 0.093900 ms)

AssetImportParameters requested are different than current active one (requested -> active):
  custom:framework-win-MediaFoundation: 216162199b28c13a410421893ffa2e32 -> 
  custom:video-decoder-ogg-theora: a1e56fd34408186e4bbccfd4996cb3dc -> 
  custom:container-muxer-webm: aa71ff27fc2769a1b78a27578f13a17b -> 
  custom:container-demuxer-webm: 4f35f7cbe854078d1ac9338744f61a02 -> 
  custom:container-demuxer-ogg: 62fdf1f143b41e24485cea50d1cbac27 -> 
  custom:video-encoder-webm-vp8: eb34c28f22e8b96e1ab97ce403110664 -> 
  custom:video-decoder-webm-vp8: 9c59270c3fd7afecdb556c50c9e8de78 -> 
  custom:audio-decoder-ogg-vorbis: bf7c407c2cedff20999df2af8eb42d56 -> 
  custom:audio-encoder-webm-vorbis: bf7c407c2cedff20999df2af8eb42d56 -> 
========================================================================
Received Prepare
Registering precompiled user dll's ...
Registered in 0.004428 seconds.
Begin MonoManager ReloadAssembly
Native extension for WindowsStandalone target not found
Refreshing native plugins compatible for Editor in 0.40 ms, found 2 plugins.
Preloading 0 native plugins for Editor in 0.00 ms.
Mono: successfully reloaded assembly
- Completed reload, in  1.044 seconds
Domain Reload Profiling:
	ReloadAssembly (1044ms)
		BeginReloadAssembly (118ms)
			ExecutionOrderSort (0ms)
			DisableScriptedObjects (5ms)
			BackupInstance (0ms)
			ReleaseScriptingObjects (0ms)
			CreateAndSetChildDomain (35ms)
		EndReloadAssembly (866ms)
			LoadAssemblies (91ms)
			RebuildTransferFunctionScriptingTraits (0ms)
			SetupTypeCache (275ms)
			ReleaseScriptCaches (1ms)
			RebuildScriptCaches (39ms)
			SetupLoadedEditorAssemblies (367ms)
				LogAssemblyErrors (0ms)
				InitializePlatformSupportModulesInManaged (5ms)
				SetLoadedEditorAssemblies (0ms)
				RefreshPlugins (0ms)
				BeforeProcessingInitializeOnLoad (80ms)
				ProcessInitializeOnLoadAttributes (273ms)
				ProcessInitializeOnLoadMethodAttributes (6ms)
				AfterProcessingInitializeOnLoad (2ms)
				EditorAssembliesLoaded (0ms)
			ExecutionOrderSort2 (0ms)
			AwakeInstancesAfterBackupRestoration (6ms)
Platform modules already initialized, skipping
Refreshing native plugins compatible for Editor in 0.39 ms, found 2 plugins.
Preloading 0 native plugins for Editor in 0.00 ms.
Unloading 1607 Unused Serialized files (Serialized files now loaded: 0)
System memory in use before: 73.6 MB.
System memory in use after: 73.7 MB.

Unloading 19 unused Assets to reduce memory usage. Loaded Objects now: 2075.
Total: 2.403300 ms (FindLiveObjects: 0.146600 ms CreateObjectMapping: 0.053900 ms MarkObjects: 2.113900 ms  DeleteObjects: 0.088200 ms)

AssetImportParameters requested are different than current active one (requested -> active):
  custom:framework-win-MediaFoundation: 216162199b28c13a410421893ffa2e32 -> 
  custom:video-decoder-ogg-theora: a1e56fd34408186e4bbccfd4996cb3dc -> 
  custom:container-muxer-webm: aa71ff27fc2769a1b78a27578f13a17b -> 
  custom:container-demuxer-webm: 4f35f7cbe854078d1ac9338744f61a02 -> 
  custom:container-demuxer-ogg: 62fdf1f143b41e24485cea50d1cbac27 -> 
  custom:video-encoder-webm-vp8: eb34c28f22e8b96e1ab97ce403110664 -> 
  custom:video-decoder-webm-vp8: 9c59270c3fd7afecdb556c50c9e8de78 -> 
  custom:audio-decoder-ogg-vorbis: bf7c407c2cedff20999df2af8eb42d56 -> 
  custom:audio-encoder-webm-vorbis: bf7c407c2cedff20999df2af8eb42d56 -> 
========================================================================
Received Import Request.
  Time since last request: 287.468076 seconds.
  path: Assets/Scenes/Lab 02/Chat Room.unity
  artifactKey: Guid(9c4fb7c9c95b69640a79e5331fbc5182) Importer(815301076,1909f56bfc062723c751e8b465ee728b)
Start importing Assets/Scenes/Lab 02/Chat Room.unity using Guid(9c4fb7c9c95b69640a79e5331fbc5182) Importer(815301076,1909f56bfc062723c751e8b465ee728b)  -> (artifact id: 'cb85056ef7ce94b7ec5b5fced61a805b') in 0.025289 seconds 
  Import took 0.030003 seconds .

========================================================================
Received Import Request.
  Time since last request: 5.755453 seconds.
  path: Assets/Scenes/Lab 02/Chatroom.unity
  artifactKey: Guid(9c4fb7c9c95b69640a79e5331fbc5182) Importer(815301076,1909f56bfc062723c751e8b465ee728b)
Start importing Assets/Scenes/Lab 02/Chatroom.unity using Guid(9c4fb7c9c95b69640a79e5331fbc5182) Importer(815301076,1909f56bfc062723c751e8b465ee728b)  -> (artifact id: '3694993cff04b659d8ff598f4b9e8eae') in 0.007724 seconds 
  Import took 0.011181 seconds .

AssetImportWorkerClient::OnTransportError - code=2 error=End of file
